[2025-10-13 12:01:05,663] ERROR MainThread Invalid argument. Use -i or --incremental for incremental scan or -f or --full for full scan.
[2025-10-13 12:01:09,900] INFO MainThread Running Trivy scan on all container images in Service Catalogue
[2025-10-13 12:01:09,900] INFO MainThread ********************************************************************
[2025-10-13 12:01:09,900] DEBUG MainThread Connecting to Slack with token ending Wfl1
[2025-10-13 12:01:09,900] INFO MainThread Testing connection to the Service Catalogue - https://service-catalogue-dev.hmpps.service.justice.gov.uk
[2025-10-13 12:01:09,909] DEBUG MainThread Starting new HTTPS connection (1): service-catalogue-dev.hmpps.service.justice.gov.uk:443
[2025-10-13 12:01:10,019] DEBUG MainThread https://service-catalogue-dev.hmpps.service.justice.gov.uk:443 "HEAD / HTTP/1.1" 302 0
[2025-10-13 12:01:10,019] INFO MainThread Successfully connected to the Service Catalogue - https://service-catalogue-dev.hmpps.service.justice.gov.uk. 302
[2025-10-13 12:01:10,020] INFO MainThread Getting all records from table environments?populate[component]=true&pagination[pageSize]=10 in Service Catalogue using URL: https://service-catalogue-dev.hmpps.service.justice.gov.uk/v1/environments?populate[component]=true&pagination[pageSize]=10
[2025-10-13 12:01:10,021] DEBUG MainThread Starting new HTTPS connection (1): service-catalogue-dev.hmpps.service.justice.gov.uk:443
[2025-10-13 12:01:10,115] DEBUG MainThread https://service-catalogue-dev.hmpps.service.justice.gov.uk:443 "GET /v1/environments?populate%5Bcomponent%5D=true&pagination%5BpageSize%5D=10 HTTP/1.1" 200 88378
[2025-10-13 12:01:10,163] DEBUG MainThread Got result page: 1 from Service Catalogue
[2025-10-13 12:01:10,163] DEBUG MainThread Starting new HTTPS connection (1): service-catalogue-dev.hmpps.service.justice.gov.uk:443
[2025-10-13 12:01:10,241] DEBUG MainThread https://service-catalogue-dev.hmpps.service.justice.gov.uk:443 "GET /v1/environments?populate%5Bcomponent%5D=true&pagination%5BpageSize%5D=10&pagination%5Bpage%5D=2 HTTP/1.1" 200 91440
[2025-10-13 12:01:10,284] DEBUG MainThread Got result page: 2 from Service Catalogue
[2025-10-13 12:01:10,285] DEBUG MainThread Starting new HTTPS connection (1): service-catalogue-dev.hmpps.service.justice.gov.uk:443
[2025-10-13 12:01:10,366] DEBUG MainThread https://service-catalogue-dev.hmpps.service.justice.gov.uk:443 "GET /v1/environments?populate%5Bcomponent%5D=true&pagination%5BpageSize%5D=10&pagination%5Bpage%5D=3 HTTP/1.1" 200 86177
[2025-10-13 12:01:10,403] DEBUG MainThread Got result page: 3 from Service Catalogue
[2025-10-13 12:01:10,403] DEBUG MainThread Starting new HTTPS connection (1): service-catalogue-dev.hmpps.service.justice.gov.uk:443
[2025-10-13 12:01:10,501] DEBUG MainThread https://service-catalogue-dev.hmpps.service.justice.gov.uk:443 "GET /v1/environments?populate%5Bcomponent%5D=true&pagination%5BpageSize%5D=10&pagination%5Bpage%5D=4 HTTP/1.1" 200 88334
[2025-10-13 12:01:10,557] DEBUG MainThread Got result page: 4 from Service Catalogue
[2025-10-13 12:01:10,558] DEBUG MainThread Starting new HTTPS connection (1): service-catalogue-dev.hmpps.service.justice.gov.uk:443
[2025-10-13 12:01:10,632] DEBUG MainThread https://service-catalogue-dev.hmpps.service.justice.gov.uk:443 "GET /v1/environments?populate%5Bcomponent%5D=true&pagination%5BpageSize%5D=10&pagination%5Bpage%5D=5 HTTP/1.1" 200 96880
[2025-10-13 12:01:10,678] DEBUG MainThread Got result page: 5 from Service Catalogue
[2025-10-13 12:01:10,680] DEBUG MainThread Starting new HTTPS connection (1): service-catalogue-dev.hmpps.service.justice.gov.uk:443
[2025-10-13 12:01:10,819] DEBUG MainThread https://service-catalogue-dev.hmpps.service.justice.gov.uk:443 "GET /v1/environments?populate%5Bcomponent%5D=true&pagination%5BpageSize%5D=10&pagination%5Bpage%5D=6 HTTP/1.1" 200 88051
[2025-10-13 12:01:10,857] DEBUG MainThread Got result page: 6 from Service Catalogue
[2025-10-13 12:01:10,859] DEBUG MainThread Starting new HTTPS connection (1): service-catalogue-dev.hmpps.service.justice.gov.uk:443
[2025-10-13 12:01:10,938] DEBUG MainThread https://service-catalogue-dev.hmpps.service.justice.gov.uk:443 "GET /v1/environments?populate%5Bcomponent%5D=true&pagination%5BpageSize%5D=10&pagination%5Bpage%5D=7 HTTP/1.1" 200 71143
[2025-10-13 12:01:10,973] DEBUG MainThread Got result page: 7 from Service Catalogue
[2025-10-13 12:01:10,975] DEBUG MainThread Starting new HTTPS connection (1): service-catalogue-dev.hmpps.service.justice.gov.uk:443
[2025-10-13 12:01:11,054] DEBUG MainThread https://service-catalogue-dev.hmpps.service.justice.gov.uk:443 "GET /v1/environments?populate%5Bcomponent%5D=true&pagination%5BpageSize%5D=10&pagination%5Bpage%5D=8 HTTP/1.1" 200 73873
[2025-10-13 12:01:11,092] DEBUG MainThread Got result page: 8 from Service Catalogue
[2025-10-13 12:01:11,094] DEBUG MainThread Starting new HTTPS connection (1): service-catalogue-dev.hmpps.service.justice.gov.uk:443
[2025-10-13 12:01:11,190] DEBUG MainThread https://service-catalogue-dev.hmpps.service.justice.gov.uk:443 "GET /v1/environments?populate%5Bcomponent%5D=true&pagination%5BpageSize%5D=10&pagination%5Bpage%5D=9 HTTP/1.1" 200 81292
[2025-10-13 12:01:11,226] DEBUG MainThread Got result page: 9 from Service Catalogue
[2025-10-13 12:01:11,228] DEBUG MainThread Starting new HTTPS connection (1): service-catalogue-dev.hmpps.service.justice.gov.uk:443
[2025-10-13 12:01:11,306] DEBUG MainThread https://service-catalogue-dev.hmpps.service.justice.gov.uk:443 "GET /v1/environments?populate%5Bcomponent%5D=true&pagination%5BpageSize%5D=10&pagination%5Bpage%5D=10 HTTP/1.1" 200 64214
[2025-10-13 12:01:11,339] DEBUG MainThread Got result page: 10 from Service Catalogue
[2025-10-13 12:01:11,341] DEBUG MainThread Starting new HTTPS connection (1): service-catalogue-dev.hmpps.service.justice.gov.uk:443
[2025-10-13 12:01:11,416] DEBUG MainThread https://service-catalogue-dev.hmpps.service.justice.gov.uk:443 "GET /v1/environments?populate%5Bcomponent%5D=true&pagination%5BpageSize%5D=10&pagination%5Bpage%5D=11 HTTP/1.1" 200 74278
[2025-10-13 12:01:11,456] DEBUG MainThread Got result page: 11 from Service Catalogue
[2025-10-13 12:01:11,459] DEBUG MainThread Starting new HTTPS connection (1): service-catalogue-dev.hmpps.service.justice.gov.uk:443
[2025-10-13 12:01:11,559] DEBUG MainThread https://service-catalogue-dev.hmpps.service.justice.gov.uk:443 "GET /v1/environments?populate%5Bcomponent%5D=true&pagination%5BpageSize%5D=10&pagination%5Bpage%5D=12 HTTP/1.1" 200 91082
[2025-10-13 12:01:11,605] DEBUG MainThread Got result page: 12 from Service Catalogue
[2025-10-13 12:01:11,607] DEBUG MainThread Starting new HTTPS connection (1): service-catalogue-dev.hmpps.service.justice.gov.uk:443
[2025-10-13 12:01:11,695] DEBUG MainThread https://service-catalogue-dev.hmpps.service.justice.gov.uk:443 "GET /v1/environments?populate%5Bcomponent%5D=true&pagination%5BpageSize%5D=10&pagination%5Bpage%5D=13 HTTP/1.1" 200 78984
[2025-10-13 12:01:11,733] DEBUG MainThread Got result page: 13 from Service Catalogue
[2025-10-13 12:01:11,735] DEBUG MainThread Starting new HTTPS connection (1): service-catalogue-dev.hmpps.service.justice.gov.uk:443
[2025-10-13 12:01:11,811] DEBUG MainThread https://service-catalogue-dev.hmpps.service.justice.gov.uk:443 "GET /v1/environments?populate%5Bcomponent%5D=true&pagination%5BpageSize%5D=10&pagination%5Bpage%5D=14 HTTP/1.1" 200 85779
[2025-10-13 12:01:11,842] DEBUG MainThread Got result page: 14 from Service Catalogue
[2025-10-13 12:01:11,843] DEBUG MainThread Starting new HTTPS connection (1): service-catalogue-dev.hmpps.service.justice.gov.uk:443
[2025-10-13 12:01:11,916] DEBUG MainThread https://service-catalogue-dev.hmpps.service.justice.gov.uk:443 "GET /v1/environments?populate%5Bcomponent%5D=true&pagination%5BpageSize%5D=10&pagination%5Bpage%5D=15 HTTP/1.1" 200 102303
[2025-10-13 12:01:11,966] DEBUG MainThread Got result page: 15 from Service Catalogue
[2025-10-13 12:01:11,969] DEBUG MainThread Starting new HTTPS connection (1): service-catalogue-dev.hmpps.service.justice.gov.uk:443
[2025-10-13 12:01:12,045] DEBUG MainThread https://service-catalogue-dev.hmpps.service.justice.gov.uk:443 "GET /v1/environments?populate%5Bcomponent%5D=true&pagination%5BpageSize%5D=10&pagination%5Bpage%5D=16 HTTP/1.1" 200 87696
[2025-10-13 12:01:12,083] DEBUG MainThread Got result page: 16 from Service Catalogue
[2025-10-13 12:01:12,085] DEBUG MainThread Starting new HTTPS connection (1): service-catalogue-dev.hmpps.service.justice.gov.uk:443
[2025-10-13 12:01:12,188] DEBUG MainThread https://service-catalogue-dev.hmpps.service.justice.gov.uk:443 "GET /v1/environments?populate%5Bcomponent%5D=true&pagination%5BpageSize%5D=10&pagination%5Bpage%5D=17 HTTP/1.1" 200 80844
[2025-10-13 12:01:12,224] DEBUG MainThread Got result page: 17 from Service Catalogue
[2025-10-13 12:01:12,225] DEBUG MainThread Starting new HTTPS connection (1): service-catalogue-dev.hmpps.service.justice.gov.uk:443
[2025-10-13 12:01:12,294] DEBUG MainThread https://service-catalogue-dev.hmpps.service.justice.gov.uk:443 "GET /v1/environments?populate%5Bcomponent%5D=true&pagination%5BpageSize%5D=10&pagination%5Bpage%5D=18 HTTP/1.1" 200 82892
[2025-10-13 12:01:12,328] DEBUG MainThread Got result page: 18 from Service Catalogue
[2025-10-13 12:01:12,329] DEBUG MainThread Starting new HTTPS connection (1): service-catalogue-dev.hmpps.service.justice.gov.uk:443
[2025-10-13 12:01:12,407] DEBUG MainThread https://service-catalogue-dev.hmpps.service.justice.gov.uk:443 "GET /v1/environments?populate%5Bcomponent%5D=true&pagination%5BpageSize%5D=10&pagination%5Bpage%5D=19 HTTP/1.1" 200 96623
[2025-10-13 12:01:12,455] DEBUG MainThread Got result page: 19 from Service Catalogue
[2025-10-13 12:01:12,456] DEBUG MainThread Starting new HTTPS connection (1): service-catalogue-dev.hmpps.service.justice.gov.uk:443
[2025-10-13 12:01:12,534] DEBUG MainThread https://service-catalogue-dev.hmpps.service.justice.gov.uk:443 "GET /v1/environments?populate%5Bcomponent%5D=true&pagination%5BpageSize%5D=10&pagination%5Bpage%5D=20 HTTP/1.1" 200 76892
[2025-10-13 12:01:12,572] DEBUG MainThread Got result page: 20 from Service Catalogue
[2025-10-13 12:01:12,573] DEBUG MainThread Starting new HTTPS connection (1): service-catalogue-dev.hmpps.service.justice.gov.uk:443
[2025-10-13 12:01:12,651] DEBUG MainThread https://service-catalogue-dev.hmpps.service.justice.gov.uk:443 "GET /v1/environments?populate%5Bcomponent%5D=true&pagination%5BpageSize%5D=10&pagination%5Bpage%5D=21 HTTP/1.1" 200 164164
[2025-10-13 12:01:12,710] DEBUG MainThread Got result page: 21 from Service Catalogue
[2025-10-13 12:01:12,711] DEBUG MainThread Starting new HTTPS connection (1): service-catalogue-dev.hmpps.service.justice.gov.uk:443
[2025-10-13 12:01:12,796] DEBUG MainThread https://service-catalogue-dev.hmpps.service.justice.gov.uk:443 "GET /v1/environments?populate%5Bcomponent%5D=true&pagination%5BpageSize%5D=10&pagination%5Bpage%5D=22 HTTP/1.1" 200 107031
[2025-10-13 12:01:12,855] DEBUG MainThread Got result page: 22 from Service Catalogue
[2025-10-13 12:01:12,857] DEBUG MainThread Starting new HTTPS connection (1): service-catalogue-dev.hmpps.service.justice.gov.uk:443
[2025-10-13 12:01:12,935] DEBUG MainThread https://service-catalogue-dev.hmpps.service.justice.gov.uk:443 "GET /v1/environments?populate%5Bcomponent%5D=true&pagination%5BpageSize%5D=10&pagination%5Bpage%5D=23 HTTP/1.1" 200 84306
[2025-10-13 12:01:12,976] DEBUG MainThread Got result page: 23 from Service Catalogue
[2025-10-13 12:01:12,978] DEBUG MainThread Starting new HTTPS connection (1): service-catalogue-dev.hmpps.service.justice.gov.uk:443
[2025-10-13 12:01:13,081] DEBUG MainThread https://service-catalogue-dev.hmpps.service.justice.gov.uk:443 "GET /v1/environments?populate%5Bcomponent%5D=true&pagination%5BpageSize%5D=10&pagination%5Bpage%5D=24 HTTP/1.1" 200 86737
[2025-10-13 12:01:13,123] DEBUG MainThread Got result page: 24 from Service Catalogue
[2025-10-13 12:01:13,124] DEBUG MainThread Starting new HTTPS connection (1): service-catalogue-dev.hmpps.service.justice.gov.uk:443
[2025-10-13 12:01:13,208] DEBUG MainThread https://service-catalogue-dev.hmpps.service.justice.gov.uk:443 "GET /v1/environments?populate%5Bcomponent%5D=true&pagination%5BpageSize%5D=10&pagination%5Bpage%5D=25 HTTP/1.1" 200 86711
[2025-10-13 12:01:13,246] DEBUG MainThread Got result page: 25 from Service Catalogue
[2025-10-13 12:01:13,247] DEBUG MainThread Starting new HTTPS connection (1): service-catalogue-dev.hmpps.service.justice.gov.uk:443
[2025-10-13 12:01:13,322] DEBUG MainThread https://service-catalogue-dev.hmpps.service.justice.gov.uk:443 "GET /v1/environments?populate%5Bcomponent%5D=true&pagination%5BpageSize%5D=10&pagination%5Bpage%5D=26 HTTP/1.1" 200 94980
[2025-10-13 12:01:13,372] DEBUG MainThread Got result page: 26 from Service Catalogue
[2025-10-13 12:01:13,374] DEBUG MainThread Starting new HTTPS connection (1): service-catalogue-dev.hmpps.service.justice.gov.uk:443
[2025-10-13 12:01:13,452] DEBUG MainThread https://service-catalogue-dev.hmpps.service.justice.gov.uk:443 "GET /v1/environments?populate%5Bcomponent%5D=true&pagination%5BpageSize%5D=10&pagination%5Bpage%5D=27 HTTP/1.1" 200 149224
[2025-10-13 12:01:13,516] DEBUG MainThread Got result page: 27 from Service Catalogue
[2025-10-13 12:01:13,518] DEBUG MainThread Starting new HTTPS connection (1): service-catalogue-dev.hmpps.service.justice.gov.uk:443
[2025-10-13 12:01:13,592] DEBUG MainThread https://service-catalogue-dev.hmpps.service.justice.gov.uk:443 "GET /v1/environments?populate%5Bcomponent%5D=true&pagination%5BpageSize%5D=10&pagination%5Bpage%5D=28 HTTP/1.1" 200 82061
[2025-10-13 12:01:13,627] DEBUG MainThread Got result page: 28 from Service Catalogue
[2025-10-13 12:01:13,629] DEBUG MainThread Starting new HTTPS connection (1): service-catalogue-dev.hmpps.service.justice.gov.uk:443
[2025-10-13 12:01:13,703] DEBUG MainThread https://service-catalogue-dev.hmpps.service.justice.gov.uk:443 "GET /v1/environments?populate%5Bcomponent%5D=true&pagination%5BpageSize%5D=10&pagination%5Bpage%5D=29 HTTP/1.1" 200 87191
[2025-10-13 12:01:13,745] DEBUG MainThread Got result page: 29 from Service Catalogue
[2025-10-13 12:01:13,747] DEBUG MainThread Starting new HTTPS connection (1): service-catalogue-dev.hmpps.service.justice.gov.uk:443
[2025-10-13 12:01:13,820] DEBUG MainThread https://service-catalogue-dev.hmpps.service.justice.gov.uk:443 "GET /v1/environments?populate%5Bcomponent%5D=true&pagination%5BpageSize%5D=10&pagination%5Bpage%5D=30 HTTP/1.1" 200 79717
[2025-10-13 12:01:13,861] DEBUG MainThread Got result page: 30 from Service Catalogue
[2025-10-13 12:01:13,863] DEBUG MainThread Starting new HTTPS connection (1): service-catalogue-dev.hmpps.service.justice.gov.uk:443
[2025-10-13 12:01:13,948] DEBUG MainThread https://service-catalogue-dev.hmpps.service.justice.gov.uk:443 "GET /v1/environments?populate%5Bcomponent%5D=true&pagination%5BpageSize%5D=10&pagination%5Bpage%5D=31 HTTP/1.1" 200 166689
[2025-10-13 12:01:14,010] DEBUG MainThread Got result page: 31 from Service Catalogue
[2025-10-13 12:01:14,012] DEBUG MainThread Starting new HTTPS connection (1): service-catalogue-dev.hmpps.service.justice.gov.uk:443
[2025-10-13 12:01:14,102] DEBUG MainThread https://service-catalogue-dev.hmpps.service.justice.gov.uk:443 "GET /v1/environments?populate%5Bcomponent%5D=true&pagination%5BpageSize%5D=10&pagination%5Bpage%5D=32 HTTP/1.1" 200 82480
[2025-10-13 12:01:14,146] DEBUG MainThread Got result page: 32 from Service Catalogue
[2025-10-13 12:01:14,148] DEBUG MainThread Starting new HTTPS connection (1): service-catalogue-dev.hmpps.service.justice.gov.uk:443
[2025-10-13 12:01:14,236] DEBUG MainThread https://service-catalogue-dev.hmpps.service.justice.gov.uk:443 "GET /v1/environments?populate%5Bcomponent%5D=true&pagination%5BpageSize%5D=10&pagination%5Bpage%5D=33 HTTP/1.1" 200 80921
[2025-10-13 12:01:14,274] DEBUG MainThread Got result page: 33 from Service Catalogue
[2025-10-13 12:01:14,275] DEBUG MainThread Starting new HTTPS connection (1): service-catalogue-dev.hmpps.service.justice.gov.uk:443
[2025-10-13 12:01:14,348] DEBUG MainThread https://service-catalogue-dev.hmpps.service.justice.gov.uk:443 "GET /v1/environments?populate%5Bcomponent%5D=true&pagination%5BpageSize%5D=10&pagination%5Bpage%5D=34 HTTP/1.1" 200 81878
[2025-10-13 12:01:14,380] DEBUG MainThread Got result page: 34 from Service Catalogue
[2025-10-13 12:01:14,381] DEBUG MainThread Starting new HTTPS connection (1): service-catalogue-dev.hmpps.service.justice.gov.uk:443
[2025-10-13 12:01:14,458] DEBUG MainThread https://service-catalogue-dev.hmpps.service.justice.gov.uk:443 "GET /v1/environments?populate%5Bcomponent%5D=true&pagination%5BpageSize%5D=10&pagination%5Bpage%5D=35 HTTP/1.1" 200 103340
[2025-10-13 12:01:14,507] DEBUG MainThread Got result page: 35 from Service Catalogue
[2025-10-13 12:01:14,508] DEBUG MainThread Starting new HTTPS connection (1): service-catalogue-dev.hmpps.service.justice.gov.uk:443
[2025-10-13 12:01:14,587] DEBUG MainThread https://service-catalogue-dev.hmpps.service.justice.gov.uk:443 "GET /v1/environments?populate%5Bcomponent%5D=true&pagination%5BpageSize%5D=10&pagination%5Bpage%5D=36 HTTP/1.1" 200 86354
[2025-10-13 12:01:14,625] DEBUG MainThread Got result page: 36 from Service Catalogue
[2025-10-13 12:01:14,626] DEBUG MainThread Starting new HTTPS connection (1): service-catalogue-dev.hmpps.service.justice.gov.uk:443
[2025-10-13 12:01:14,702] DEBUG MainThread https://service-catalogue-dev.hmpps.service.justice.gov.uk:443 "GET /v1/environments?populate%5Bcomponent%5D=true&pagination%5BpageSize%5D=10&pagination%5Bpage%5D=37 HTTP/1.1" 200 91809
[2025-10-13 12:01:14,748] DEBUG MainThread Got result page: 37 from Service Catalogue
[2025-10-13 12:01:14,749] DEBUG MainThread Starting new HTTPS connection (1): service-catalogue-dev.hmpps.service.justice.gov.uk:443
[2025-10-13 12:01:14,826] DEBUG MainThread https://service-catalogue-dev.hmpps.service.justice.gov.uk:443 "GET /v1/environments?populate%5Bcomponent%5D=true&pagination%5BpageSize%5D=10&pagination%5Bpage%5D=38 HTTP/1.1" 200 97148
[2025-10-13 12:01:14,876] DEBUG MainThread Got result page: 38 from Service Catalogue
[2025-10-13 12:01:14,878] DEBUG MainThread Starting new HTTPS connection (1): service-catalogue-dev.hmpps.service.justice.gov.uk:443
[2025-10-13 12:01:14,964] DEBUG MainThread https://service-catalogue-dev.hmpps.service.justice.gov.uk:443 "GET /v1/environments?populate%5Bcomponent%5D=true&pagination%5BpageSize%5D=10&pagination%5Bpage%5D=39 HTTP/1.1" 200 78033
[2025-10-13 12:01:15,000] DEBUG MainThread Got result page: 39 from Service Catalogue
[2025-10-13 12:01:15,002] DEBUG MainThread Starting new HTTPS connection (1): service-catalogue-dev.hmpps.service.justice.gov.uk:443
[2025-10-13 12:01:15,085] DEBUG MainThread https://service-catalogue-dev.hmpps.service.justice.gov.uk:443 "GET /v1/environments?populate%5Bcomponent%5D=true&pagination%5BpageSize%5D=10&pagination%5Bpage%5D=40 HTTP/1.1" 200 78280
[2025-10-13 12:01:15,118] DEBUG MainThread Got result page: 40 from Service Catalogue
[2025-10-13 12:01:15,119] DEBUG MainThread Starting new HTTPS connection (1): service-catalogue-dev.hmpps.service.justice.gov.uk:443
[2025-10-13 12:01:15,193] DEBUG MainThread https://service-catalogue-dev.hmpps.service.justice.gov.uk:443 "GET /v1/environments?populate%5Bcomponent%5D=true&pagination%5BpageSize%5D=10&pagination%5Bpage%5D=41 HTTP/1.1" 200 89676
[2025-10-13 12:01:15,235] DEBUG MainThread Got result page: 41 from Service Catalogue
[2025-10-13 12:01:15,237] DEBUG MainThread Starting new HTTPS connection (1): service-catalogue-dev.hmpps.service.justice.gov.uk:443
[2025-10-13 12:01:15,313] DEBUG MainThread https://service-catalogue-dev.hmpps.service.justice.gov.uk:443 "GET /v1/environments?populate%5Bcomponent%5D=true&pagination%5BpageSize%5D=10&pagination%5Bpage%5D=42 HTTP/1.1" 200 79535
[2025-10-13 12:01:15,350] DEBUG MainThread Got result page: 42 from Service Catalogue
[2025-10-13 12:01:15,352] DEBUG MainThread Starting new HTTPS connection (1): service-catalogue-dev.hmpps.service.justice.gov.uk:443
[2025-10-13 12:01:15,431] DEBUG MainThread https://service-catalogue-dev.hmpps.service.justice.gov.uk:443 "GET /v1/environments?populate%5Bcomponent%5D=true&pagination%5BpageSize%5D=10&pagination%5Bpage%5D=43 HTTP/1.1" 200 85012
[2025-10-13 12:01:15,475] DEBUG MainThread Got result page: 43 from Service Catalogue
[2025-10-13 12:01:15,477] DEBUG MainThread Starting new HTTPS connection (1): service-catalogue-dev.hmpps.service.justice.gov.uk:443
[2025-10-13 12:01:15,553] DEBUG MainThread https://service-catalogue-dev.hmpps.service.justice.gov.uk:443 "GET /v1/environments?populate%5Bcomponent%5D=true&pagination%5BpageSize%5D=10&pagination%5Bpage%5D=44 HTTP/1.1" 200 91103
[2025-10-13 12:01:15,606] DEBUG MainThread Got result page: 44 from Service Catalogue
[2025-10-13 12:01:15,608] DEBUG MainThread Starting new HTTPS connection (1): service-catalogue-dev.hmpps.service.justice.gov.uk:443
[2025-10-13 12:01:15,689] DEBUG MainThread https://service-catalogue-dev.hmpps.service.justice.gov.uk:443 "GET /v1/environments?populate%5Bcomponent%5D=true&pagination%5BpageSize%5D=10&pagination%5Bpage%5D=45 HTTP/1.1" 200 76655
[2025-10-13 12:01:15,729] DEBUG MainThread Got result page: 45 from Service Catalogue
[2025-10-13 12:01:15,731] DEBUG MainThread Starting new HTTPS connection (1): service-catalogue-dev.hmpps.service.justice.gov.uk:443
[2025-10-13 12:01:15,811] DEBUG MainThread https://service-catalogue-dev.hmpps.service.justice.gov.uk:443 "GET /v1/environments?populate%5Bcomponent%5D=true&pagination%5BpageSize%5D=10&pagination%5Bpage%5D=46 HTTP/1.1" 200 97594
[2025-10-13 12:01:15,859] DEBUG MainThread Got result page: 46 from Service Catalogue
[2025-10-13 12:01:15,861] DEBUG MainThread Starting new HTTPS connection (1): service-catalogue-dev.hmpps.service.justice.gov.uk:443
[2025-10-13 12:01:15,933] DEBUG MainThread https://service-catalogue-dev.hmpps.service.justice.gov.uk:443 "GET /v1/environments?populate%5Bcomponent%5D=true&pagination%5BpageSize%5D=10&pagination%5Bpage%5D=47 HTTP/1.1" 200 76106
[2025-10-13 12:01:15,978] DEBUG MainThread Got result page: 47 from Service Catalogue
[2025-10-13 12:01:15,980] DEBUG MainThread Starting new HTTPS connection (1): service-catalogue-dev.hmpps.service.justice.gov.uk:443
[2025-10-13 12:01:16,062] DEBUG MainThread https://service-catalogue-dev.hmpps.service.justice.gov.uk:443 "GET /v1/environments?populate%5Bcomponent%5D=true&pagination%5BpageSize%5D=10&pagination%5Bpage%5D=48 HTTP/1.1" 200 77403
[2025-10-13 12:01:16,101] DEBUG MainThread Got result page: 48 from Service Catalogue
[2025-10-13 12:01:16,103] DEBUG MainThread Starting new HTTPS connection (1): service-catalogue-dev.hmpps.service.justice.gov.uk:443
[2025-10-13 12:01:16,184] DEBUG MainThread https://service-catalogue-dev.hmpps.service.justice.gov.uk:443 "GET /v1/environments?populate%5Bcomponent%5D=true&pagination%5BpageSize%5D=10&pagination%5Bpage%5D=49 HTTP/1.1" 200 76538
[2025-10-13 12:01:16,223] DEBUG MainThread Got result page: 49 from Service Catalogue
[2025-10-13 12:01:16,226] DEBUG MainThread Starting new HTTPS connection (1): service-catalogue-dev.hmpps.service.justice.gov.uk:443
[2025-10-13 12:01:16,325] DEBUG MainThread https://service-catalogue-dev.hmpps.service.justice.gov.uk:443 "GET /v1/environments?populate%5Bcomponent%5D=true&pagination%5BpageSize%5D=10&pagination%5Bpage%5D=50 HTTP/1.1" 200 145181
[2025-10-13 12:01:16,376] DEBUG MainThread Got result page: 50 from Service Catalogue
[2025-10-13 12:01:16,377] DEBUG MainThread Starting new HTTPS connection (1): service-catalogue-dev.hmpps.service.justice.gov.uk:443
[2025-10-13 12:01:16,457] DEBUG MainThread https://service-catalogue-dev.hmpps.service.justice.gov.uk:443 "GET /v1/environments?populate%5Bcomponent%5D=true&pagination%5BpageSize%5D=10&pagination%5Bpage%5D=51 HTTP/1.1" 200 79539
[2025-10-13 12:01:16,493] DEBUG MainThread Got result page: 51 from Service Catalogue
[2025-10-13 12:01:16,494] DEBUG MainThread Starting new HTTPS connection (1): service-catalogue-dev.hmpps.service.justice.gov.uk:443
[2025-10-13 12:01:16,570] DEBUG MainThread https://service-catalogue-dev.hmpps.service.justice.gov.uk:443 "GET /v1/environments?populate%5Bcomponent%5D=true&pagination%5BpageSize%5D=10&pagination%5Bpage%5D=52 HTTP/1.1" 200 76913
[2025-10-13 12:01:16,604] DEBUG MainThread Got result page: 52 from Service Catalogue
[2025-10-13 12:01:16,605] DEBUG MainThread Starting new HTTPS connection (1): service-catalogue-dev.hmpps.service.justice.gov.uk:443
[2025-10-13 12:01:16,682] DEBUG MainThread https://service-catalogue-dev.hmpps.service.justice.gov.uk:443 "GET /v1/environments?populate%5Bcomponent%5D=true&pagination%5BpageSize%5D=10&pagination%5Bpage%5D=53 HTTP/1.1" 200 82572
[2025-10-13 12:01:16,719] DEBUG MainThread Got result page: 53 from Service Catalogue
[2025-10-13 12:01:16,721] DEBUG MainThread Starting new HTTPS connection (1): service-catalogue-dev.hmpps.service.justice.gov.uk:443
[2025-10-13 12:01:16,803] DEBUG MainThread https://service-catalogue-dev.hmpps.service.justice.gov.uk:443 "GET /v1/environments?populate%5Bcomponent%5D=true&pagination%5BpageSize%5D=10&pagination%5Bpage%5D=54 HTTP/1.1" 200 75379
[2025-10-13 12:01:16,849] DEBUG MainThread Got result page: 54 from Service Catalogue
[2025-10-13 12:01:16,851] DEBUG MainThread Starting new HTTPS connection (1): service-catalogue-dev.hmpps.service.justice.gov.uk:443
[2025-10-13 12:01:16,931] DEBUG MainThread https://service-catalogue-dev.hmpps.service.justice.gov.uk:443 "GET /v1/environments?populate%5Bcomponent%5D=true&pagination%5BpageSize%5D=10&pagination%5Bpage%5D=55 HTTP/1.1" 200 103661
[2025-10-13 12:01:16,982] DEBUG MainThread Got result page: 55 from Service Catalogue
[2025-10-13 12:01:16,985] DEBUG MainThread Starting new HTTPS connection (1): service-catalogue-dev.hmpps.service.justice.gov.uk:443
[2025-10-13 12:01:17,074] DEBUG MainThread https://service-catalogue-dev.hmpps.service.justice.gov.uk:443 "GET /v1/environments?populate%5Bcomponent%5D=true&pagination%5BpageSize%5D=10&pagination%5Bpage%5D=56 HTTP/1.1" 200 105684
[2025-10-13 12:01:17,130] DEBUG MainThread Got result page: 56 from Service Catalogue
[2025-10-13 12:01:17,133] DEBUG MainThread Starting new HTTPS connection (1): service-catalogue-dev.hmpps.service.justice.gov.uk:443
[2025-10-13 12:01:17,208] DEBUG MainThread https://service-catalogue-dev.hmpps.service.justice.gov.uk:443 "GET /v1/environments?populate%5Bcomponent%5D=true&pagination%5BpageSize%5D=10&pagination%5Bpage%5D=57 HTTP/1.1" 200 88410
[2025-10-13 12:01:17,248] DEBUG MainThread Got result page: 57 from Service Catalogue
[2025-10-13 12:01:17,249] DEBUG MainThread Starting new HTTPS connection (1): service-catalogue-dev.hmpps.service.justice.gov.uk:443
[2025-10-13 12:01:17,326] DEBUG MainThread https://service-catalogue-dev.hmpps.service.justice.gov.uk:443 "GET /v1/environments?populate%5Bcomponent%5D=true&pagination%5BpageSize%5D=10&pagination%5Bpage%5D=58 HTTP/1.1" 200 94027
[2025-10-13 12:01:17,378] DEBUG MainThread Got result page: 58 from Service Catalogue
[2025-10-13 12:01:17,380] DEBUG MainThread Starting new HTTPS connection (1): service-catalogue-dev.hmpps.service.justice.gov.uk:443
[2025-10-13 12:01:17,462] DEBUG MainThread https://service-catalogue-dev.hmpps.service.justice.gov.uk:443 "GET /v1/environments?populate%5Bcomponent%5D=true&pagination%5BpageSize%5D=10&pagination%5Bpage%5D=59 HTTP/1.1" 200 89590
[2025-10-13 12:01:17,501] DEBUG MainThread Got result page: 59 from Service Catalogue
[2025-10-13 12:01:17,503] DEBUG MainThread Starting new HTTPS connection (1): service-catalogue-dev.hmpps.service.justice.gov.uk:443
[2025-10-13 12:01:17,586] DEBUG MainThread https://service-catalogue-dev.hmpps.service.justice.gov.uk:443 "GET /v1/environments?populate%5Bcomponent%5D=true&pagination%5BpageSize%5D=10&pagination%5Bpage%5D=60 HTTP/1.1" 200 91152
[2025-10-13 12:01:17,634] DEBUG MainThread Got result page: 60 from Service Catalogue
[2025-10-13 12:01:17,636] DEBUG MainThread Starting new HTTPS connection (1): service-catalogue-dev.hmpps.service.justice.gov.uk:443
[2025-10-13 12:01:17,712] DEBUG MainThread https://service-catalogue-dev.hmpps.service.justice.gov.uk:443 "GET /v1/environments?populate%5Bcomponent%5D=true&pagination%5BpageSize%5D=10&pagination%5Bpage%5D=61 HTTP/1.1" 200 77220
[2025-10-13 12:01:17,747] DEBUG MainThread Got result page: 61 from Service Catalogue
[2025-10-13 12:01:17,749] DEBUG MainThread Starting new HTTPS connection (1): service-catalogue-dev.hmpps.service.justice.gov.uk:443
[2025-10-13 12:01:17,842] DEBUG MainThread https://service-catalogue-dev.hmpps.service.justice.gov.uk:443 "GET /v1/environments?populate%5Bcomponent%5D=true&pagination%5BpageSize%5D=10&pagination%5Bpage%5D=62 HTTP/1.1" 200 111031
[2025-10-13 12:01:17,894] DEBUG MainThread Got result page: 62 from Service Catalogue
[2025-10-13 12:01:17,896] DEBUG MainThread Starting new HTTPS connection (1): service-catalogue-dev.hmpps.service.justice.gov.uk:443
[2025-10-13 12:01:18,017] DEBUG MainThread https://service-catalogue-dev.hmpps.service.justice.gov.uk:443 "GET /v1/environments?populate%5Bcomponent%5D=true&pagination%5BpageSize%5D=10&pagination%5Bpage%5D=63 HTTP/1.1" 200 75666
[2025-10-13 12:01:18,059] DEBUG MainThread Got result page: 63 from Service Catalogue
[2025-10-13 12:01:18,060] DEBUG MainThread Starting new HTTPS connection (1): service-catalogue-dev.hmpps.service.justice.gov.uk:443
[2025-10-13 12:01:18,148] DEBUG MainThread https://service-catalogue-dev.hmpps.service.justice.gov.uk:443 "GET /v1/environments?populate%5Bcomponent%5D=true&pagination%5BpageSize%5D=10&pagination%5Bpage%5D=64 HTTP/1.1" 200 95685
[2025-10-13 12:01:18,192] DEBUG MainThread Got result page: 64 from Service Catalogue
[2025-10-13 12:01:18,193] DEBUG MainThread Starting new HTTPS connection (1): service-catalogue-dev.hmpps.service.justice.gov.uk:443
[2025-10-13 12:01:18,269] DEBUG MainThread https://service-catalogue-dev.hmpps.service.justice.gov.uk:443 "GET /v1/environments?populate%5Bcomponent%5D=true&pagination%5BpageSize%5D=10&pagination%5Bpage%5D=65 HTTP/1.1" 200 91018
[2025-10-13 12:01:18,316] DEBUG MainThread Got result page: 65 from Service Catalogue
[2025-10-13 12:01:18,318] DEBUG MainThread Starting new HTTPS connection (1): service-catalogue-dev.hmpps.service.justice.gov.uk:443
[2025-10-13 12:01:18,431] DEBUG MainThread https://service-catalogue-dev.hmpps.service.justice.gov.uk:443 "GET /v1/environments?populate%5Bcomponent%5D=true&pagination%5BpageSize%5D=10&pagination%5Bpage%5D=66 HTTP/1.1" 200 101406
[2025-10-13 12:01:18,473] DEBUG MainThread Got result page: 66 from Service Catalogue
[2025-10-13 12:01:18,473] DEBUG MainThread Starting new HTTPS connection (1): service-catalogue-dev.hmpps.service.justice.gov.uk:443
[2025-10-13 12:01:18,544] DEBUG MainThread https://service-catalogue-dev.hmpps.service.justice.gov.uk:443 "GET /v1/environments?populate%5Bcomponent%5D=true&pagination%5BpageSize%5D=10&pagination%5Bpage%5D=67 HTTP/1.1" 200 84835
[2025-10-13 12:01:18,583] DEBUG MainThread Got result page: 67 from Service Catalogue
[2025-10-13 12:01:18,584] DEBUG MainThread Starting new HTTPS connection (1): service-catalogue-dev.hmpps.service.justice.gov.uk:443
[2025-10-13 12:01:18,657] DEBUG MainThread https://service-catalogue-dev.hmpps.service.justice.gov.uk:443 "GET /v1/environments?populate%5Bcomponent%5D=true&pagination%5BpageSize%5D=10&pagination%5Bpage%5D=68 HTTP/1.1" 200 80094
[2025-10-13 12:01:18,696] DEBUG MainThread Got result page: 68 from Service Catalogue
[2025-10-13 12:01:18,697] DEBUG MainThread Starting new HTTPS connection (1): service-catalogue-dev.hmpps.service.justice.gov.uk:443
[2025-10-13 12:01:18,782] DEBUG MainThread https://service-catalogue-dev.hmpps.service.justice.gov.uk:443 "GET /v1/environments?populate%5Bcomponent%5D=true&pagination%5BpageSize%5D=10&pagination%5Bpage%5D=69 HTTP/1.1" 200 96083
[2025-10-13 12:01:18,834] DEBUG MainThread Got result page: 69 from Service Catalogue
[2025-10-13 12:01:18,837] DEBUG MainThread Starting new HTTPS connection (1): service-catalogue-dev.hmpps.service.justice.gov.uk:443
[2025-10-13 12:01:18,916] DEBUG MainThread https://service-catalogue-dev.hmpps.service.justice.gov.uk:443 "GET /v1/environments?populate%5Bcomponent%5D=true&pagination%5BpageSize%5D=10&pagination%5Bpage%5D=70 HTTP/1.1" 200 74850
[2025-10-13 12:01:18,954] DEBUG MainThread Got result page: 70 from Service Catalogue
[2025-10-13 12:01:18,956] DEBUG MainThread Starting new HTTPS connection (1): service-catalogue-dev.hmpps.service.justice.gov.uk:443
[2025-10-13 12:01:19,031] DEBUG MainThread https://service-catalogue-dev.hmpps.service.justice.gov.uk:443 "GET /v1/environments?populate%5Bcomponent%5D=true&pagination%5BpageSize%5D=10&pagination%5Bpage%5D=71 HTTP/1.1" 200 77160
[2025-10-13 12:01:19,078] DEBUG MainThread Got result page: 71 from Service Catalogue
[2025-10-13 12:01:19,081] DEBUG MainThread Starting new HTTPS connection (1): service-catalogue-dev.hmpps.service.justice.gov.uk:443
[2025-10-13 12:01:19,165] DEBUG MainThread https://service-catalogue-dev.hmpps.service.justice.gov.uk:443 "GET /v1/environments?populate%5Bcomponent%5D=true&pagination%5BpageSize%5D=10&pagination%5Bpage%5D=72 HTTP/1.1" 200 74901
[2025-10-13 12:01:19,201] DEBUG MainThread Got result page: 72 from Service Catalogue
[2025-10-13 12:01:19,203] DEBUG MainThread Starting new HTTPS connection (1): service-catalogue-dev.hmpps.service.justice.gov.uk:443
[2025-10-13 12:01:19,288] DEBUG MainThread https://service-catalogue-dev.hmpps.service.justice.gov.uk:443 "GET /v1/environments?populate%5Bcomponent%5D=true&pagination%5BpageSize%5D=10&pagination%5Bpage%5D=73 HTTP/1.1" 200 89062
[2025-10-13 12:01:19,330] DEBUG MainThread Got result page: 73 from Service Catalogue
[2025-10-13 12:01:19,331] DEBUG MainThread Starting new HTTPS connection (1): service-catalogue-dev.hmpps.service.justice.gov.uk:443
[2025-10-13 12:01:19,411] DEBUG MainThread https://service-catalogue-dev.hmpps.service.justice.gov.uk:443 "GET /v1/environments?populate%5Bcomponent%5D=true&pagination%5BpageSize%5D=10&pagination%5Bpage%5D=74 HTTP/1.1" 200 87890
[2025-10-13 12:01:19,450] DEBUG MainThread Got result page: 74 from Service Catalogue
[2025-10-13 12:01:19,452] DEBUG MainThread Starting new HTTPS connection (1): service-catalogue-dev.hmpps.service.justice.gov.uk:443
[2025-10-13 12:01:19,545] DEBUG MainThread https://service-catalogue-dev.hmpps.service.justice.gov.uk:443 "GET /v1/environments?populate%5Bcomponent%5D=true&pagination%5BpageSize%5D=10&pagination%5Bpage%5D=75 HTTP/1.1" 200 87798
[2025-10-13 12:01:19,589] DEBUG MainThread Got result page: 75 from Service Catalogue
[2025-10-13 12:01:19,591] DEBUG MainThread Starting new HTTPS connection (1): service-catalogue-dev.hmpps.service.justice.gov.uk:443
[2025-10-13 12:01:19,675] DEBUG MainThread https://service-catalogue-dev.hmpps.service.justice.gov.uk:443 "GET /v1/environments?populate%5Bcomponent%5D=true&pagination%5BpageSize%5D=10&pagination%5Bpage%5D=76 HTTP/1.1" 200 87959
[2025-10-13 12:01:19,729] DEBUG MainThread Got result page: 76 from Service Catalogue
[2025-10-13 12:01:19,731] DEBUG MainThread Starting new HTTPS connection (1): service-catalogue-dev.hmpps.service.justice.gov.uk:443
[2025-10-13 12:01:19,813] DEBUG MainThread https://service-catalogue-dev.hmpps.service.justice.gov.uk:443 "GET /v1/environments?populate%5Bcomponent%5D=true&pagination%5BpageSize%5D=10&pagination%5Bpage%5D=77 HTTP/1.1" 200 76802
[2025-10-13 12:01:19,854] DEBUG MainThread Got result page: 77 from Service Catalogue
[2025-10-13 12:01:19,857] DEBUG MainThread Starting new HTTPS connection (1): service-catalogue-dev.hmpps.service.justice.gov.uk:443
[2025-10-13 12:01:19,939] DEBUG MainThread https://service-catalogue-dev.hmpps.service.justice.gov.uk:443 "GET /v1/environments?populate%5Bcomponent%5D=true&pagination%5BpageSize%5D=10&pagination%5Bpage%5D=78 HTTP/1.1" 200 94394
[2025-10-13 12:01:20,001] DEBUG MainThread Got result page: 78 from Service Catalogue
[2025-10-13 12:01:20,003] DEBUG MainThread Starting new HTTPS connection (1): service-catalogue-dev.hmpps.service.justice.gov.uk:443
[2025-10-13 12:01:20,103] DEBUG MainThread https://service-catalogue-dev.hmpps.service.justice.gov.uk:443 "GET /v1/environments?populate%5Bcomponent%5D=true&pagination%5BpageSize%5D=10&pagination%5Bpage%5D=79 HTTP/1.1" 200 78517
[2025-10-13 12:01:20,138] DEBUG MainThread Got result page: 79 from Service Catalogue
[2025-10-13 12:01:20,140] DEBUG MainThread Starting new HTTPS connection (1): service-catalogue-dev.hmpps.service.justice.gov.uk:443
[2025-10-13 12:01:20,228] DEBUG MainThread https://service-catalogue-dev.hmpps.service.justice.gov.uk:443 "GET /v1/environments?populate%5Bcomponent%5D=true&pagination%5BpageSize%5D=10&pagination%5Bpage%5D=80 HTTP/1.1" 200 84155
[2025-10-13 12:01:20,272] DEBUG MainThread Got result page: 80 from Service Catalogue
[2025-10-13 12:01:20,273] DEBUG MainThread Starting new HTTPS connection (1): service-catalogue-dev.hmpps.service.justice.gov.uk:443
[2025-10-13 12:01:20,349] DEBUG MainThread https://service-catalogue-dev.hmpps.service.justice.gov.uk:443 "GET /v1/environments?populate%5Bcomponent%5D=true&pagination%5BpageSize%5D=10&pagination%5Bpage%5D=81 HTTP/1.1" 200 95432
[2025-10-13 12:01:20,414] DEBUG MainThread Got result page: 81 from Service Catalogue
[2025-10-13 12:01:20,415] DEBUG MainThread Starting new HTTPS connection (1): service-catalogue-dev.hmpps.service.justice.gov.uk:443
[2025-10-13 12:01:21,129] DEBUG MainThread https://service-catalogue-dev.hmpps.service.justice.gov.uk:443 "GET /v1/environments?populate%5Bcomponent%5D=true&pagination%5BpageSize%5D=10&pagination%5Bpage%5D=82 HTTP/1.1" 200 85448
[2025-10-13 12:01:21,186] DEBUG MainThread Got result page: 82 from Service Catalogue
[2025-10-13 12:01:21,188] DEBUG MainThread Starting new HTTPS connection (1): service-catalogue-dev.hmpps.service.justice.gov.uk:443
[2025-10-13 12:01:21,276] DEBUG MainThread https://service-catalogue-dev.hmpps.service.justice.gov.uk:443 "GET /v1/environments?populate%5Bcomponent%5D=true&pagination%5BpageSize%5D=10&pagination%5Bpage%5D=83 HTTP/1.1" 200 75412
[2025-10-13 12:01:21,316] DEBUG MainThread Got result page: 83 from Service Catalogue
[2025-10-13 12:01:21,318] DEBUG MainThread Starting new HTTPS connection (1): service-catalogue-dev.hmpps.service.justice.gov.uk:443
[2025-10-13 12:01:21,393] DEBUG MainThread https://service-catalogue-dev.hmpps.service.justice.gov.uk:443 "GET /v1/environments?populate%5Bcomponent%5D=true&pagination%5BpageSize%5D=10&pagination%5Bpage%5D=84 HTTP/1.1" 200 71865
[2025-10-13 12:01:21,450] DEBUG MainThread Got result page: 84 from Service Catalogue
[2025-10-13 12:01:21,452] DEBUG MainThread Starting new HTTPS connection (1): service-catalogue-dev.hmpps.service.justice.gov.uk:443
[2025-10-13 12:01:21,549] DEBUG MainThread https://service-catalogue-dev.hmpps.service.justice.gov.uk:443 "GET /v1/environments?populate%5Bcomponent%5D=true&pagination%5BpageSize%5D=10&pagination%5Bpage%5D=85 HTTP/1.1" 200 83484
[2025-10-13 12:01:21,588] DEBUG MainThread Got result page: 85 from Service Catalogue
[2025-10-13 12:01:21,590] DEBUG MainThread Starting new HTTPS connection (1): service-catalogue-dev.hmpps.service.justice.gov.uk:443
[2025-10-13 12:01:21,681] DEBUG MainThread https://service-catalogue-dev.hmpps.service.justice.gov.uk:443 "GET /v1/environments?populate%5Bcomponent%5D=true&pagination%5BpageSize%5D=10&pagination%5Bpage%5D=86 HTTP/1.1" 200 81577
[2025-10-13 12:01:21,725] DEBUG MainThread Got result page: 86 from Service Catalogue
[2025-10-13 12:01:21,726] DEBUG MainThread Starting new HTTPS connection (1): service-catalogue-dev.hmpps.service.justice.gov.uk:443
[2025-10-13 12:01:22,460] DEBUG MainThread https://service-catalogue-dev.hmpps.service.justice.gov.uk:443 "GET /v1/environments?populate%5Bcomponent%5D=true&pagination%5BpageSize%5D=10&pagination%5Bpage%5D=87 HTTP/1.1" 200 84885
[2025-10-13 12:01:22,497] DEBUG MainThread Got result page: 87 from Service Catalogue
[2025-10-13 12:01:22,499] DEBUG MainThread Starting new HTTPS connection (1): service-catalogue-dev.hmpps.service.justice.gov.uk:443
[2025-10-13 12:01:22,569] DEBUG MainThread https://service-catalogue-dev.hmpps.service.justice.gov.uk:443 "GET /v1/environments?populate%5Bcomponent%5D=true&pagination%5BpageSize%5D=10&pagination%5Bpage%5D=88 HTTP/1.1" 200 82585
[2025-10-13 12:01:22,606] DEBUG MainThread Got result page: 88 from Service Catalogue
[2025-10-13 12:01:22,607] DEBUG MainThread Starting new HTTPS connection (1): service-catalogue-dev.hmpps.service.justice.gov.uk:443
[2025-10-13 12:01:22,679] DEBUG MainThread https://service-catalogue-dev.hmpps.service.justice.gov.uk:443 "GET /v1/environments?populate%5Bcomponent%5D=true&pagination%5BpageSize%5D=10&pagination%5Bpage%5D=89 HTTP/1.1" 200 79597
[2025-10-13 12:01:22,715] DEBUG MainThread Got result page: 89 from Service Catalogue
[2025-10-13 12:01:22,716] DEBUG MainThread Starting new HTTPS connection (1): service-catalogue-dev.hmpps.service.justice.gov.uk:443
[2025-10-13 12:01:22,793] DEBUG MainThread https://service-catalogue-dev.hmpps.service.justice.gov.uk:443 "GET /v1/environments?populate%5Bcomponent%5D=true&pagination%5BpageSize%5D=10&pagination%5Bpage%5D=90 HTTP/1.1" 200 81386
[2025-10-13 12:01:22,828] DEBUG MainThread Got result page: 90 from Service Catalogue
[2025-10-13 12:01:22,829] DEBUG MainThread Starting new HTTPS connection (1): service-catalogue-dev.hmpps.service.justice.gov.uk:443
[2025-10-13 12:01:22,903] DEBUG MainThread https://service-catalogue-dev.hmpps.service.justice.gov.uk:443 "GET /v1/environments?populate%5Bcomponent%5D=true&pagination%5BpageSize%5D=10&pagination%5Bpage%5D=91 HTTP/1.1" 200 86429
[2025-10-13 12:01:22,944] DEBUG MainThread Got result page: 91 from Service Catalogue
[2025-10-13 12:01:22,945] DEBUG MainThread Starting new HTTPS connection (1): service-catalogue-dev.hmpps.service.justice.gov.uk:443
[2025-10-13 12:01:23,027] DEBUG MainThread https://service-catalogue-dev.hmpps.service.justice.gov.uk:443 "GET /v1/environments?populate%5Bcomponent%5D=true&pagination%5BpageSize%5D=10&pagination%5Bpage%5D=92 HTTP/1.1" 200 102614
[2025-10-13 12:01:23,078] DEBUG MainThread Got result page: 92 from Service Catalogue
[2025-10-13 12:01:23,079] DEBUG MainThread Starting new HTTPS connection (1): service-catalogue-dev.hmpps.service.justice.gov.uk:443
[2025-10-13 12:01:23,154] DEBUG MainThread https://service-catalogue-dev.hmpps.service.justice.gov.uk:443 "GET /v1/environments?populate%5Bcomponent%5D=true&pagination%5BpageSize%5D=10&pagination%5Bpage%5D=93 HTTP/1.1" 200 79099
[2025-10-13 12:01:23,190] DEBUG MainThread Got result page: 93 from Service Catalogue
[2025-10-13 12:01:23,191] DEBUG MainThread Starting new HTTPS connection (1): service-catalogue-dev.hmpps.service.justice.gov.uk:443
[2025-10-13 12:01:23,282] DEBUG MainThread https://service-catalogue-dev.hmpps.service.justice.gov.uk:443 "GET /v1/environments?populate%5Bcomponent%5D=true&pagination%5BpageSize%5D=10&pagination%5Bpage%5D=94 HTTP/1.1" 200 84610
[2025-10-13 12:01:23,320] DEBUG MainThread Got result page: 94 from Service Catalogue
[2025-10-13 12:01:23,321] DEBUG MainThread Starting new HTTPS connection (1): service-catalogue-dev.hmpps.service.justice.gov.uk:443
[2025-10-13 12:01:23,400] DEBUG MainThread https://service-catalogue-dev.hmpps.service.justice.gov.uk:443 "GET /v1/environments?populate%5Bcomponent%5D=true&pagination%5BpageSize%5D=10&pagination%5Bpage%5D=95 HTTP/1.1" 200 109928
[2025-10-13 12:01:23,449] DEBUG MainThread Got result page: 95 from Service Catalogue
[2025-10-13 12:01:23,450] DEBUG MainThread Starting new HTTPS connection (1): service-catalogue-dev.hmpps.service.justice.gov.uk:443
[2025-10-13 12:01:23,526] DEBUG MainThread https://service-catalogue-dev.hmpps.service.justice.gov.uk:443 "GET /v1/environments?populate%5Bcomponent%5D=true&pagination%5BpageSize%5D=10&pagination%5Bpage%5D=96 HTTP/1.1" 200 80979
[2025-10-13 12:01:23,564] DEBUG MainThread Got result page: 96 from Service Catalogue
[2025-10-13 12:01:23,565] DEBUG MainThread Starting new HTTPS connection (1): service-catalogue-dev.hmpps.service.justice.gov.uk:443
